<?xml version="1.0" encoding="UTF-8"?>
<!-- Generated by org.testng.reporters.JUnitReportReporter -->
<testsuite name="com.athena.frametest.pages.AppTest" tests="1" time="0.054" ignored="0" failures="0" timestamp="11 Aug 2017 09:47:55 GMT" skipped="0" hostname="VDEVISHRI-T440" errors="0">
  <testcase name="mymethod" time="0.054" classname="com.athena.frametest.pages.AppTest"/>
</testsuite> <!-- com.athena.frametest.pages.AppTest -->
