<?xml version="1.0" encoding="UTF-8"?>
<!-- Generated by org.testng.reporters.JUnitReportReporter -->
<testsuite name="com.athena.cybertron.tests.CartTest" tests="2" time="34.545" ignored="0" failures="0" timestamp="22 Aug 2017 13:18:52 GMT" skipped="0" hostname="DJAGADISH-T450" errors="0">
  <testcase name="testCase" time="22.415" classname="com.athena.cybertron.tests.CartTest"/>
  <testcase name="testCase" time="12.130" classname="com.athena.cybertron.tests.CartTest"/>
</testsuite> <!-- com.athena.cybertron.tests.CartTest -->
